{
  "stats": {
    "suites": 1,
    "tests": 1,
    "passes": 1,
    "pending": 0,
    "failures": 0,
    "start": "2026-01-22T15:31:57.736Z",
    "end": "2026-01-22T15:32:00.364Z",
    "duration": 2628,
    "testsRegistered": 1,
    "passPercent": 100,
    "pendingPercent": 0,
    "other": 0,
    "hasOther": false,
    "skipped": 0,
    "hasSkipped": false
  },
  "results": [
    {
      "uuid": "c0f2e277-ee05-4945-8ca3-4393f5851d85",
      "title": "",
      "fullFile": "integration/e2e/checkout.spec.ts",
      "file": "integration/e2e/checkout.spec.ts",
      "beforeHooks": [],
      "afterHooks": [],
      "tests": [],
      "suites": [
        {
          "uuid": "003754eb-153d-43aa-897c-96a3e8ff0b5f",
          "title": "End-to-end test cases for the checkout experience Inventory → Cart → Checkout",
          "fullFile": "",
          "file": "",
          "beforeHooks": [],
          "afterHooks": [],
          "tests": [
            {
              "title": "[smoke] Verify checkout experience of the user",
              "fullTitle": "End-to-end test cases for the checkout experience Inventory → Cart → Checkout [smoke] Verify checkout experience of the user",
              "timedOut": null,
              "duration": 2568,
              "state": "passed",
              "speed": "fast",
              "pass": true,
              "fail": false,
              "pending": false,
              "context": "{\n  \"title\": \"cypress-mochawesome-reporter-videos-passed\",\n  \"value\": \"integration/e2e/checkout.spec.ts\"\n}",
              "code": "cy.log('Add multiple products to cart');\n['Sauce Labs Backpack', 'Sauce Labs Bike Light'].forEach(function (product) {\n    inventoryPage.addProductToCart(product);\n});\ncy.log('Verify cart badge count is 2');\ninventoryPage.verifyCartBadgeCount(2);\ncy.log('Navigate to cart and verify items with correct prices');\ncartPage.navigateToCart();\ncartPage.verifyMultipleItems([\n    { name: 'Sauce Labs Backpack', price: '$29.99' },\n    { name: 'Sauce Labs Bike Light', price: '$9.99' }\n]);\ncy.log('Navigate to checkout page');\ncheckoutPage.clickCheckoutButton();\ncy.log('Fill in checkout information');\ncheckoutPage.firstName().type(cypress_prod_json_1.default.firstName);\ncheckoutPage.lastName().type(cypress_prod_json_1.default.lastName);\ncheckoutPage.postalCode().type(cypress_prod_json_1.default.postalCode);\ncy.log('Continue with the checkout process');\ncheckoutPage.clickContinueButton();\ncartPage.verifyMultipleItems([\n    { name: 'Sauce Labs Backpack', price: '$29.99' },\n    { name: 'Sauce Labs Bike Light', price: '$9.99' }\n]);\ncy.log('Verify summary details');\ncheckoutPage.verifySummaryDetails({\n    payment: 'SauceCard #31337',\n    shipping: 'Free Pony Express Delivery!',\n    subtotal: 'Item total: $39.98',\n    tax: 'Tax: $3.20',\n    total: 'Total: $43.18'\n});\ncheckoutPage.completeCheckout();\ncy.log('Verify order completion');\ncheckoutPage.verifyOrderCompletion();",
              "err": {},
              "uuid": "9e5749b2-5833-4ffd-bf76-9355281c239a",
              "parentUUID": "003754eb-153d-43aa-897c-96a3e8ff0b5f",
              "isHook": false,
              "skipped": false
            }
          ],
          "suites": [],
          "passes": [
            "9e5749b2-5833-4ffd-bf76-9355281c239a"
          ],
          "failures": [],
          "pending": [],
          "skipped": [],
          "duration": 2568,
          "root": false,
          "rootEmpty": false,
          "_timeout": 2000
        }
      ],
      "passes": [],
      "failures": [],
      "pending": [],
      "skipped": [],
      "duration": 0,
      "root": true,
      "rootEmpty": true,
      "_timeout": 2000
    }
  ],
  "meta": {
    "mocha": {
      "version": "7.0.1"
    },
    "mochawesome": {
      "options": {
        "quiet": false,
        "reportFilename": "mochawesome",
        "saveHtml": true,
        "saveJson": true,
        "consoleReporter": "spec",
        "useInlineDiffs": false,
        "code": true
      },
      "version": "7.1.4"
    },
    "marge": {
      "options": {
        "reportDir": "cypress/reports",
        "overwrite": false,
        "html": true,
        "json": true,
        "inlineAssets": true
      },
      "version": "6.3.2"
    }
  }
}